AUDIOCHECKER v2.0 beta (build 457) - by Dester - opdester@freemail.hu
~~~~~~~~~~~~~~~~~~~~~~~~~~~~~~~~~~
-=== DO NOT EDIT THIS FILE! ===-

Path: ...\Windham-Hill-Songs-Without-Words

001 -=- 01_Water_Fountain.flac -=- CDDA (99%)
002 -=- 02_The_Stone_Quilt.flac -=- MPEG (100%)
003 -=- 03_Major_Dreams,_Minor_Lies.flac -=- MPEG (99%)
004 -=- 04_Songs_Without_Words.flac -=- MPEG (89%)
005 -=- 05_A_Hollywood_Nocturne.flac -=- MPEG (89%)
006 -=- 06_Miracles.flac -=- MPEG (100%)
007 -=- 07_Garbo_Redux.flac -=- CDDA (92%)
008 -=- 08_Everything_I_Do_(I_Do_It_For_You).flac -=- CDDA (99%)
009 -=- 09_If_You_Asked_Me_To.flac -=- CDDA (87%)
010 -=- 10_Generations.flac -=- CDDA (100%)
011 -=- 11_Not_Like_This.flac -=- MPEG (100%)
012 -=- 12_This_Isn't_Love.flac -=- CDDA (100%)
013 -=- 13_What_Can_You_Lose.flac -=- CDDA (100%)
014 -=- 14_Life_Is_A_Circle.flac -=- CDDA (100%)
015 -=- 15_Cousin_Stu.flac -=- MPEG (99%)
016 -=- 16_Blue_Modal_Morning_Alive.flac -=- ERROR

Summary 53.40% CDDA

111995012
